<?xml version="1.0" encoding="UTF-8"?>
<!-- Generated by org.testng.reporters.JUnitReportReporter -->
<testsuite hostname="ISW-230323-1218" failures="0" tests="4" name="com.rebirthQuickteller.TestCases.Recharge" time="97.499" errors="0" timestamp="20 Sep 2023 13:25:50 GMT" skipped="0">
  <testcase classname="com.rebirthQuickteller.TestCases.Recharge" name="InvalidphoneNumberAirtimeRecharge" time="7.601"/>
  <testcase classname="com.rebirthQuickteller.TestCases.Recharge" name="QTAccountAirtimeRecharge" time="37.212"/>
  <testcase classname="com.rebirthQuickteller.TestCases.Recharge" name="QTAccountAirtimeRechargeWithInvalidTransactionPin" time="20.951"/>
  <testcase classname="com.rebirthQuickteller.TestCases.Recharge" name="CardAirtimeRecharge" time="31.735"/>
</testsuite> <!-- com.rebirthQuickteller.TestCases.Recharge -->
