<?xml version="1.0" encoding="UTF-8"?>
<!-- Generated by org.testng.reporters.JUnitReportReporter -->
<testsuite hostname="ISW-230323-1218" failures="0" tests="14" name="com.rebirthQuickteller.TestCases.ValidateLogin" time="65.077" errors="0" timestamp="20 Sep 2023 13:25:50 GMT" skipped="0">
  <testcase classname="com.rebirthQuickteller.TestCases.ValidateLogin" name="LoginWithInvalidEmailInput" time="0.737"/>
  <testcase classname="com.rebirthQuickteller.TestCases.ValidateLogin" name="LoginWithUnregisteredEmail" time="1.217"/>
  <testcase classname="com.rebirthQuickteller.TestCases.ValidateLogin" name="EmailLoginWithEmptyEmailAddressField" time="0.518"/>
  <testcase classname="com.rebirthQuickteller.TestCases.ValidateLogin" name="EmailLoginWithEmptyPasswordField" time="0.532"/>
  <testcase classname="com.rebirthQuickteller.TestCases.ValidateLogin" name="EmailLoginwithInvalidPassword" time="4.256"/>
  <testcase classname="com.rebirthQuickteller.TestCases.ValidateLogin" name="EmailLoginwithValidcredentials" time="6.208"/>
  <testcase classname="com.rebirthQuickteller.TestCases.ValidateLogin" name="ValidateEmailLoginWithRememberMe" time="10.690"/>
  <testcase classname="com.rebirthQuickteller.TestCases.ValidateLogin" name="LoginWithInvalidPhoneNumberInput" time="1.196"/>
  <testcase classname="com.rebirthQuickteller.TestCases.ValidateLogin" name="LoginWithUnRegisteredPhonenumber" time="5.913"/>
  <testcase classname="com.rebirthQuickteller.TestCases.ValidateLogin" name="LoginWithEmptyPhonenumberField" time="0.695"/>
  <testcase classname="com.rebirthQuickteller.TestCases.ValidateLogin" name="phoneNumberLoginWithEmptyPasswordField" time="0.796"/>
  <testcase classname="com.rebirthQuickteller.TestCases.ValidateLogin" name="PhoneNumberLoginWithInvalidPassword" time="9.718"/>
  <testcase classname="com.rebirthQuickteller.TestCases.ValidateLogin" name="PhoneNumberLoginWithValidCredentials" time="7.447"/>
  <testcase classname="com.rebirthQuickteller.TestCases.ValidateLogin" name="ValidatePhonenumberLoginWithRememberMe" time="15.154"/>
</testsuite> <!-- com.rebirthQuickteller.TestCases.ValidateLogin -->
